time="2022-04-15 10:19:30" level=info msg=ssss
time="2022-04-15 10:51:53" level=error msg="json: cannot unmarshal number into Go struct field Msg.project_id of type string"
time="2022-04-15 10:52:15" level=error msg="json: cannot unmarshal number into Go struct field Msg.project_id of type string"
time="2022-04-15 10:53:52" level=info msg="开始更新元宇宙后台管理页面"
time="2022-04-15 10:53:52" level=info msg="台管理页面 构建完毕"
time="2022-04-15 11:20:39" level=info msg="开始更新元宇宙官网"
time="2022-04-15 11:20:39" level=error msg="error    chdir /www/meta-web-dev: no such file or directory"
time="2022-04-15 11:20:39" level=error msg="error    chdir /www/meta-web-dev: no such file or directory"
time="2022-04-15 11:20:39" level=error msg="error    chdir /www/meta-web-dev: no such file or directory"
time="2022-04-15 11:20:39" level=info msg="元宇宙官网 构建完毕"
time="2022-04-15 11:20:54" level=error msg="read tcp 127.0.0.1:8123->127.0.0.1:52324: i/o timeout"
time="2022-04-15 11:21:06" level=error msg="read tcp 127.0.0.1:8123->127.0.0.1:52383: i/o timeout"
time="2022-04-15 11:25:59" level=info msg="开始更新元宇宙官网"
time="2022-04-15 11:25:59" level=error msg="error    chdir /www/meta-web-dev: no such file or directory"
time="2022-04-15 11:25:59" level=error msg="error    chdir /www/meta-web-dev: no such file or directory"
time="2022-04-15 11:25:59" level=error msg="error    chdir /www/meta-web-dev: no such file or directory"
time="2022-04-15 11:25:59" level=info msg="元宇宙官网 构建完毕"
time="2022-04-15 11:26:47" level=error msg="参数解析错误：http: invalid Read on closed Body"
time="2022-04-15 11:27:23" level=info msg="开始更新元宇宙官网"
time="2022-04-15 11:27:23" level=error msg="error    chdir /www/meta-web-dev: no such file or directory"
time="2022-04-15 11:27:23" level=error msg="error    chdir /www/meta-web-dev: no such file or directory"
time="2022-04-15 11:27:23" level=error msg="error    chdir /www/meta-web-dev: no such file or directory"
time="2022-04-15 11:27:23" level=info msg="元宇宙官网 构建完毕"
time="2022-04-15 11:27:32" level=info msg="开始更新元宇宙官网"
time="2022-04-15 11:27:32" level=error msg="error    chdir /www/meta-web-dev: no such file or directory"
time="2022-04-15 11:27:32" level=error msg="error    chdir /www/meta-web-dev: no such file or directory"
time="2022-04-15 11:27:32" level=error msg="error    chdir /www/meta-web-dev: no such file or directory"
time="2022-04-15 11:27:32" level=info msg="元宇宙官网 构建完毕"
time="2022-04-15 14:55:51" level=info msg="开始更新元宇宙官网"
time="2022-04-15 14:55:51" level=error msg="error    chdir /www/meta-web-dev: no such file or directory"
